mar. 10, 2024 10:08:07 A.M. co.edu.uniquindio.tienda.model.Tienda <init>
INFO: Se crea una nueva instanica de Tienda
mar. 10, 2024 10:10:28 A.M. co.edu.uniquindio.tienda.model.Tienda <init>
INFO: Se crea una nueva instanica de Tienda
mar. 10, 2024 10:11:32 A.M. co.edu.uniquindio.tienda.model.Tienda <init>
INFO: Se crea una nueva instanica de Tienda
mar. 10, 2024 10:20:25 A.M. co.edu.uniquindio.tienda.model.Tienda <init>
INFO: Se crea una nueva instanica de Tienda
mar. 10, 2024 10:31:47 A.M. co.edu.uniquindio.tienda.model.Tienda <init>
INFO: Se crea una nueva instanica de Tienda
mar. 10, 2024 10:33:02 A.M. co.edu.uniquindio.tienda.model.Tienda registrarCliente
INFO: El cliente de identificacin a se ha registrado
mar 10, 2024 4:51:43 P.M. co.edu.uniquindio.tienda.model.Tienda <init>
INFO: Se crea una nueva instanica de Tienda
mar 10, 2024 4:51:59 P.M. co.edu.uniquindio.tienda.model.Tienda registrarCliente
INFO: El cliente de identificaci贸n 1035972060 se ha registrado
mar 10, 2024 4:58:56 P.M. co.edu.uniquindio.tienda.model.Tienda <init>
INFO: Se crea una nueva instanica de Tienda
mar 10, 2024 4:59:20 P.M. co.edu.uniquindio.tienda.model.Tienda registrarCliente
INFO: El cliente de identificaci贸n 1035 se ha registrado
mar 10, 2024 5:02:47 P.M. co.edu.uniquindio.tienda.model.Tienda <init>
INFO: Se crea una nueva instanica de Tienda
mar 10, 2024 5:02:55 P.M. co.edu.uniquindio.tienda.model.Tienda registrarCliente
INFO: El cliente de identificaci贸n 1 se ha registrado
mar 10, 2024 5:03:06 P.M. co.edu.uniquindio.tienda.model.Tienda registrarCliente
INFO: El cliente de identificaci贸n ded se ha registrado
mar 10, 2024 5:03:57 P.M. co.edu.uniquindio.tienda.model.Tienda registrarCliente
INFO: El cliente de identificaci贸n 95 se ha registrado
mar 10, 2024 5:04:55 P.M. co.edu.uniquindio.tienda.model.Tienda <init>
INFO: Se crea una nueva instanica de Tienda
mar 10, 2024 5:21:17 P.M. co.edu.uniquindio.tienda.model.Tienda <init>
INFO: Se crea una nueva instanica de Tienda
mar 10, 2024 5:22:04 P.M. co.edu.uniquindio.tienda.model.Tienda <init>
INFO: Se crea una nueva instanica de Tienda
mar 10, 2024 5:28:23 P.M. co.edu.uniquindio.tienda.model.Tienda <init>
INFO: Se crea una nueva instanica de Tienda
mar 10, 2024 5:54:01 P.M. co.edu.uniquindio.tienda.model.Tienda <init>
INFO: Se crea una nueva instanica de Tienda
mar 10, 2024 6:00:19 P.M. co.edu.uniquindio.tienda.model.Tienda <init>
INFO: Se crea una nueva instanica de Tienda
mar 10, 2024 6:00:42 P.M. co.edu.uniquindio.tienda.model.Tienda <init>
INFO: Se crea una nueva instanica de Tienda
mar 10, 2024 6:01:30 P.M. co.edu.uniquindio.tienda.model.Tienda <init>
INFO: Se crea una nueva instanica de Tienda
mar 10, 2024 6:02:57 P.M. co.edu.uniquindio.tienda.model.Tienda <init>
INFO: Se crea una nueva instanica de Tienda
mar 10, 2024 6:03:30 P.M. co.edu.uniquindio.tienda.model.Tienda <init>
INFO: Se crea una nueva instanica de Tienda
mar 10, 2024 6:05:17 P.M. co.edu.uniquindio.tienda.model.Tienda <init>
INFO: Se crea una nueva instanica de Tienda
mar 10, 2024 6:06:49 P.M. co.edu.uniquindio.tienda.model.Tienda <init>
INFO: Se crea una nueva instanica de Tienda
mar 10, 2024 6:16:20 P.M. co.edu.uniquindio.tienda.model.Tienda <init>
INFO: Se crea una nueva instanica de Tienda
mar 10, 2024 6:18:47 P.M. co.edu.uniquindio.tienda.model.Tienda <init>
INFO: Se crea una nueva instanica de Tienda
mar 10, 2024 6:20:47 P.M. co.edu.uniquindio.tienda.model.Tienda <init>
INFO: Se crea una nueva instanica de Tienda
mar 10, 2024 6:22:00 P.M. co.edu.uniquindio.tienda.model.Tienda <init>
INFO: Se crea una nueva instanica de Tienda
mar 10, 2024 6:24:31 P.M. co.edu.uniquindio.tienda.model.Tienda <init>
INFO: Se crea una nueva instanica de Tienda
mar 10, 2024 6:27:01 P.M. co.edu.uniquindio.tienda.model.Tienda <init>
INFO: Se crea una nueva instanica de Tienda
mar 10, 2024 6:29:32 P.M. co.edu.uniquindio.tienda.model.Tienda <init>
INFO: Se crea una nueva instanica de Tienda
mar 10, 2024 6:30:22 P.M. co.edu.uniquindio.tienda.model.Tienda <init>
INFO: Se crea una nueva instanica de Tienda
mar 10, 2024 6:33:10 P.M. co.edu.uniquindio.tienda.model.Tienda <init>
INFO: Se crea una nueva instanica de Tienda
mar 10, 2024 7:10:08 P.M. co.edu.uniquindio.tienda.model.Tienda <init>
INFO: Se crea una nueva instanica de Tienda
mar 10, 2024 7:10:08 P.M. co.edu.uniquindio.tienda.model.Tienda leerClienteSerializable
SEVERE: src\main\resources\persistencia\clientes.ser (El sistema no puede encontrar la ruta especificada)
mar 10, 2024 7:10:08 P.M. co.edu.uniquindio.tienda.model.Tienda leerProductoSerializable
SEVERE: src\main\resources\persistencia\productos.ser (El sistema no puede encontrar la ruta especificada)
mar 10, 2024 7:10:08 P.M. co.edu.uniquindio.tienda.model.Tienda leerVentaSerializable
SEVERE: src\main\resources\persistencia\ventas.ser (El sistema no puede encontrar la ruta especificada)
mar 10, 2024 7:10:08 P.M. co.edu.uniquindio.tienda.model.Tienda leerHistoricoeSerializable
SEVERE: src\main\resources\persistencia\historicoVentas.ser (El sistema no puede encontrar la ruta especificada)
mar 10, 2024 7:10:08 P.M. co.edu.uniquindio.tienda.model.Tienda leerInventarioSerializable
SEVERE: src\main\resources\persistencia\inventario.ser (El sistema no puede encontrar la ruta especificada)
mar 10, 2024 7:10:27 P.M. co.edu.uniquindio.tienda.model.Tienda escribirCliente
SEVERE: src\main\resources\persistencia\clientes.ser (El sistema no puede encontrar la ruta especificada)
mar 10, 2024 7:10:27 P.M. co.edu.uniquindio.tienda.model.Tienda registrarCliente
INFO: El cliente de identificaci贸n 1035 se ha registrado
mar 10, 2024 7:10:57 P.M. co.edu.uniquindio.tienda.model.Tienda <init>
INFO: Se crea una nueva instanica de Tienda
mar 10, 2024 7:10:57 P.M. co.edu.uniquindio.tienda.model.Tienda leerClienteSerializable
SEVERE: src\main\resources\persistencia\clientes.ser (El sistema no puede encontrar la ruta especificada)
mar 10, 2024 7:10:57 P.M. co.edu.uniquindio.tienda.model.Tienda leerProductoSerializable
SEVERE: src\main\resources\persistencia\productos.ser (El sistema no puede encontrar la ruta especificada)
mar 10, 2024 7:10:57 P.M. co.edu.uniquindio.tienda.model.Tienda leerVentaSerializable
SEVERE: src\main\resources\persistencia\ventas.ser (El sistema no puede encontrar la ruta especificada)
mar 10, 2024 7:10:57 P.M. co.edu.uniquindio.tienda.model.Tienda leerHistoricoeSerializable
SEVERE: src\main\resources\persistencia\historicoVentas.ser (El sistema no puede encontrar la ruta especificada)
mar 10, 2024 7:10:57 P.M. co.edu.uniquindio.tienda.model.Tienda leerInventarioSerializable
SEVERE: src\main\resources\persistencia\inventario.ser (El sistema no puede encontrar la ruta especificada)
mar 10, 2024 7:13:01 P.M. co.edu.uniquindio.tienda.model.Tienda <init>
INFO: Se crea una nueva instanica de Tienda
mar 10, 2024 7:13:01 P.M. co.edu.uniquindio.tienda.model.Tienda leerClienteSerializable
SEVERE: null
mar 10, 2024 7:13:01 P.M. co.edu.uniquindio.tienda.model.Tienda leerProductoSerializable
SEVERE: src\main\resources\persistencia\productos.ser (El sistema no puede encontrar el archivo especificado)
mar 10, 2024 7:13:01 P.M. co.edu.uniquindio.tienda.model.Tienda leerVentaSerializable
SEVERE: src\main\resources\persistencia\ventas.ser (El sistema no puede encontrar el archivo especificado)
mar 10, 2024 7:13:01 P.M. co.edu.uniquindio.tienda.model.Tienda leerHistoricoeSerializable
SEVERE: src\main\resources\persistencia\historicoVentas.ser (El sistema no puede encontrar el archivo especificado)
mar 10, 2024 7:13:01 P.M. co.edu.uniquindio.tienda.model.Tienda leerInventarioSerializable
SEVERE: src\main\resources\persistencia\inventario.ser (El sistema no puede encontrar el archivo especificado)
mar 10, 2024 7:13:09 P.M. co.edu.uniquindio.tienda.model.Tienda escribirCliente
SEVERE: co.edu.uniquindio.tienda.model.Cliente
mar 10, 2024 7:13:09 P.M. co.edu.uniquindio.tienda.model.Tienda registrarCliente
INFO: El cliente de identificaci贸n 1035 se ha registrado
mar 10, 2024 7:13:36 P.M. co.edu.uniquindio.tienda.model.Tienda <init>
INFO: Se crea una nueva instanica de Tienda
mar 10, 2024 7:13:36 P.M. co.edu.uniquindio.tienda.model.Tienda leerClienteSerializable
SEVERE: writing aborted; java.io.NotSerializableException: co.edu.uniquindio.tienda.model.Cliente
mar 10, 2024 7:13:36 P.M. co.edu.uniquindio.tienda.model.Tienda leerProductoSerializable
SEVERE: src\main\resources\persistencia\productos.ser (El sistema no puede encontrar el archivo especificado)
mar 10, 2024 7:13:36 P.M. co.edu.uniquindio.tienda.model.Tienda leerVentaSerializable
SEVERE: src\main\resources\persistencia\ventas.ser (El sistema no puede encontrar el archivo especificado)
mar 10, 2024 7:13:36 P.M. co.edu.uniquindio.tienda.model.Tienda leerHistoricoeSerializable
SEVERE: src\main\resources\persistencia\historicoVentas.ser (El sistema no puede encontrar el archivo especificado)
mar 10, 2024 7:13:36 P.M. co.edu.uniquindio.tienda.model.Tienda leerInventarioSerializable
SEVERE: src\main\resources\persistencia\inventario.ser (El sistema no puede encontrar el archivo especificado)
mar 10, 2024 7:13:58 P.M. co.edu.uniquindio.tienda.model.Tienda <init>
INFO: Se crea una nueva instanica de Tienda
mar 10, 2024 7:13:58 P.M. co.edu.uniquindio.tienda.model.Tienda leerClienteSerializable
SEVERE: writing aborted; java.io.NotSerializableException: co.edu.uniquindio.tienda.model.Cliente
mar 10, 2024 7:13:58 P.M. co.edu.uniquindio.tienda.model.Tienda leerProductoSerializable
SEVERE: src\main\resources\persistencia\productos.ser (El sistema no puede encontrar el archivo especificado)
mar 10, 2024 7:13:58 P.M. co.edu.uniquindio.tienda.model.Tienda leerVentaSerializable
SEVERE: src\main\resources\persistencia\ventas.ser (El sistema no puede encontrar el archivo especificado)
mar 10, 2024 7:13:58 P.M. co.edu.uniquindio.tienda.model.Tienda leerHistoricoeSerializable
SEVERE: src\main\resources\persistencia\historicoVentas.ser (El sistema no puede encontrar el archivo especificado)
mar 10, 2024 7:13:58 P.M. co.edu.uniquindio.tienda.model.Tienda leerInventarioSerializable
SEVERE: src\main\resources\persistencia\inventario.ser (El sistema no puede encontrar el archivo especificado)
mar 10, 2024 7:14:06 P.M. co.edu.uniquindio.tienda.model.Tienda escribirCliente
SEVERE: co.edu.uniquindio.tienda.model.Cliente
mar 10, 2024 7:14:06 P.M. co.edu.uniquindio.tienda.model.Tienda registrarCliente
INFO: El cliente de identificaci贸n 1 se ha registrado
mar 10, 2024 7:14:17 P.M. co.edu.uniquindio.tienda.model.Tienda <init>
INFO: Se crea una nueva instanica de Tienda
mar 10, 2024 7:14:17 P.M. co.edu.uniquindio.tienda.model.Tienda leerClienteSerializable
SEVERE: writing aborted; java.io.NotSerializableException: co.edu.uniquindio.tienda.model.Cliente
mar 10, 2024 7:14:17 P.M. co.edu.uniquindio.tienda.model.Tienda leerProductoSerializable
SEVERE: src\main\resources\persistencia\productos.ser (El sistema no puede encontrar el archivo especificado)
mar 10, 2024 7:14:17 P.M. co.edu.uniquindio.tienda.model.Tienda leerVentaSerializable
SEVERE: src\main\resources\persistencia\ventas.ser (El sistema no puede encontrar el archivo especificado)
mar 10, 2024 7:14:17 P.M. co.edu.uniquindio.tienda.model.Tienda leerHistoricoeSerializable
SEVERE: src\main\resources\persistencia\historicoVentas.ser (El sistema no puede encontrar el archivo especificado)
mar 10, 2024 7:14:17 P.M. co.edu.uniquindio.tienda.model.Tienda leerInventarioSerializable
SEVERE: src\main\resources\persistencia\inventario.ser (El sistema no puede encontrar el archivo especificado)
mar 10, 2024 7:17:20 P.M. co.edu.uniquindio.tienda.model.Tienda <init>
INFO: Se crea una nueva instanica de Tienda
mar 10, 2024 7:17:20 P.M. co.edu.uniquindio.tienda.model.Tienda leerClienteSerializable
SEVERE: writing aborted; java.io.NotSerializableException: co.edu.uniquindio.tienda.model.Cliente
mar 10, 2024 7:17:20 P.M. co.edu.uniquindio.tienda.model.Tienda leerProductoSerializable
SEVERE: src\main\resources\persistencia\productos.ser (El sistema no puede encontrar el archivo especificado)
mar 10, 2024 7:17:20 P.M. co.edu.uniquindio.tienda.model.Tienda leerVentaSerializable
SEVERE: src\main\resources\persistencia\ventas.ser (El sistema no puede encontrar el archivo especificado)
mar 10, 2024 7:17:20 P.M. co.edu.uniquindio.tienda.model.Tienda leerHistoricoeSerializable
SEVERE: src\main\resources\persistencia\historicoVentas.ser (El sistema no puede encontrar el archivo especificado)
mar 10, 2024 7:17:20 P.M. co.edu.uniquindio.tienda.model.Tienda leerInventarioSerializable
SEVERE: src\main\resources\persistencia\inventario.ser (El sistema no puede encontrar el archivo especificado)
mar 10, 2024 7:17:28 P.M. co.edu.uniquindio.tienda.model.Tienda escribirCliente
SEVERE: co.edu.uniquindio.tienda.model.Cliente
mar 10, 2024 7:17:28 P.M. co.edu.uniquindio.tienda.model.Tienda registrarCliente
INFO: El cliente de identificaci贸n 1035 se ha registrado
mar 10, 2024 7:18:43 P.M. co.edu.uniquindio.tienda.model.Tienda escribirCliente
SEVERE: co.edu.uniquindio.tienda.model.Cliente
mar 10, 2024 7:18:43 P.M. co.edu.uniquindio.tienda.model.Tienda registrarCliente
INFO: El cliente de identificaci贸n 2 se ha registrado
mar 10, 2024 7:19:56 P.M. co.edu.uniquindio.tienda.model.Tienda <init>
INFO: Se crea una nueva instanica de Tienda
mar 10, 2024 7:19:56 P.M. co.edu.uniquindio.tienda.model.Tienda leerClienteSerializable
SEVERE: writing aborted; java.io.NotSerializableException: co.edu.uniquindio.tienda.model.Cliente
mar 10, 2024 7:19:56 P.M. co.edu.uniquindio.tienda.model.Tienda leerProductoSerializable
SEVERE: src\main\resources\persistencia\productos.ser (El sistema no puede encontrar el archivo especificado)
mar 10, 2024 7:19:56 P.M. co.edu.uniquindio.tienda.model.Tienda leerVentaSerializable
SEVERE: src\main\resources\persistencia\ventas.ser (El sistema no puede encontrar el archivo especificado)
mar 10, 2024 7:19:56 P.M. co.edu.uniquindio.tienda.model.Tienda leerHistoricoeSerializable
SEVERE: src\main\resources\persistencia\historicoVentas.ser (El sistema no puede encontrar el archivo especificado)
mar 10, 2024 7:19:56 P.M. co.edu.uniquindio.tienda.model.Tienda leerInventarioSerializable
SEVERE: src\main\resources\persistencia\inventario.ser (El sistema no puede encontrar el archivo especificado)
mar 10, 2024 7:30:49 P.M. co.edu.uniquindio.tienda.model.Tienda <init>
INFO: Se crea una nueva instanica de Tienda
mar 10, 2024 7:30:49 P.M. co.edu.uniquindio.tienda.model.Tienda leerClienteSerializable
SEVERE: writing aborted; java.io.NotSerializableException: co.edu.uniquindio.tienda.model.Cliente
mar 10, 2024 7:30:49 P.M. co.edu.uniquindio.tienda.model.Tienda leerProductoSerializable
SEVERE: src\main\resources\persistencia\productos.ser (El sistema no puede encontrar el archivo especificado)
mar 10, 2024 7:30:49 P.M. co.edu.uniquindio.tienda.model.Tienda leerVentaSerializable
SEVERE: src\main\resources\persistencia\ventas.ser (El sistema no puede encontrar el archivo especificado)
mar 10, 2024 7:30:49 P.M. co.edu.uniquindio.tienda.model.Tienda leerHistoricoeSerializable
SEVERE: src\main\resources\persistencia\historicoVentas.ser (El sistema no puede encontrar el archivo especificado)
mar 10, 2024 7:30:49 P.M. co.edu.uniquindio.tienda.model.Tienda leerInventarioSerializable
SEVERE: src\main\resources\persistencia\inventario.ser (El sistema no puede encontrar el archivo especificado)
mar 10, 2024 7:31:16 P.M. co.edu.uniquindio.tienda.model.Tienda escribirCliente
SEVERE: co.edu.uniquindio.tienda.model.Cliente
mar 10, 2024 7:31:16 P.M. co.edu.uniquindio.tienda.model.Tienda registrarCliente
INFO: El cliente de identificaci贸n 1 se ha registrado
mar 10, 2024 7:31:30 P.M. co.edu.uniquindio.tienda.model.Tienda <init>
INFO: Se crea una nueva instanica de Tienda
mar 10, 2024 7:31:30 P.M. co.edu.uniquindio.tienda.model.Tienda leerClienteSerializable
SEVERE: writing aborted; java.io.NotSerializableException: co.edu.uniquindio.tienda.model.Cliente
mar 10, 2024 7:31:30 P.M. co.edu.uniquindio.tienda.model.Tienda leerProductoSerializable
SEVERE: src\main\resources\persistencia\productos.ser (El sistema no puede encontrar el archivo especificado)
mar 10, 2024 7:31:30 P.M. co.edu.uniquindio.tienda.model.Tienda leerVentaSerializable
SEVERE: src\main\resources\persistencia\ventas.ser (El sistema no puede encontrar el archivo especificado)
mar 10, 2024 7:31:30 P.M. co.edu.uniquindio.tienda.model.Tienda leerHistoricoeSerializable
SEVERE: src\main\resources\persistencia\historicoVentas.ser (El sistema no puede encontrar el archivo especificado)
mar 10, 2024 7:31:30 P.M. co.edu.uniquindio.tienda.model.Tienda leerInventarioSerializable
SEVERE: src\main\resources\persistencia\inventario.ser (El sistema no puede encontrar el archivo especificado)
mar 10, 2024 7:35:37 P.M. co.edu.uniquindio.tienda.model.Tienda <init>
INFO: Se crea una nueva instanica de Tienda
mar 10, 2024 7:35:37 P.M. co.edu.uniquindio.tienda.model.Tienda leerClienteSerializable
SEVERE: writing aborted; java.io.NotSerializableException: co.edu.uniquindio.tienda.model.Cliente
mar 10, 2024 7:35:37 P.M. co.edu.uniquindio.tienda.model.Tienda leerProductoSerializable
SEVERE: src\main\resources\persistencia\productos.ser (El sistema no puede encontrar el archivo especificado)
mar 10, 2024 7:35:37 P.M. co.edu.uniquindio.tienda.model.Tienda leerVentaSerializable
SEVERE: src\main\resources\persistencia\ventas.ser (El sistema no puede encontrar el archivo especificado)
mar 10, 2024 7:35:37 P.M. co.edu.uniquindio.tienda.model.Tienda leerHistoricoeSerializable
SEVERE: src\main\resources\persistencia\historicoVentas.ser (El sistema no puede encontrar el archivo especificado)
mar 10, 2024 7:35:37 P.M. co.edu.uniquindio.tienda.model.Tienda leerInventarioSerializable
SEVERE: src\main\resources\persistencia\inventario.ser (El sistema no puede encontrar el archivo especificado)
mar 10, 2024 7:40:43 P.M. co.edu.uniquindio.tienda.model.Tienda <init>
INFO: Se crea una nueva instanica de Tienda
mar 10, 2024 7:40:43 P.M. co.edu.uniquindio.tienda.model.Tienda leerClienteSerializable
SEVERE: writing aborted; java.io.NotSerializableException: co.edu.uniquindio.tienda.model.Cliente
mar 10, 2024 7:40:43 P.M. co.edu.uniquindio.tienda.model.Tienda leerProductoSerializable
SEVERE: src\main\resources\persistencia\productos.ser (El sistema no puede encontrar el archivo especificado)
mar 10, 2024 7:40:43 P.M. co.edu.uniquindio.tienda.model.Tienda leerVentaSerializable
SEVERE: src\main\resources\persistencia\ventas.ser (El sistema no puede encontrar el archivo especificado)
mar 10, 2024 7:40:43 P.M. co.edu.uniquindio.tienda.model.Tienda leerHistoricoeSerializable
SEVERE: src\main\resources\persistencia\historicoVentas.ser (El sistema no puede encontrar el archivo especificado)
mar 10, 2024 7:40:43 P.M. co.edu.uniquindio.tienda.model.Tienda leerInventarioSerializable
SEVERE: src\main\resources\persistencia\inventario.ser (El sistema no puede encontrar el archivo especificado)
mar 10, 2024 7:40:51 P.M. co.edu.uniquindio.tienda.model.Tienda escribirCliente
SEVERE: co.edu.uniquindio.tienda.model.Cliente
mar 10, 2024 7:40:51 P.M. co.edu.uniquindio.tienda.model.Tienda registrarCliente
INFO: El cliente de identificaci贸n 1 se ha registrado
mar 10, 2024 8:13:03 P.M. co.edu.uniquindio.tienda.model.Tienda <init>
INFO: Se crea una nueva instanica de Tienda
mar 10, 2024 8:13:03 P.M. co.edu.uniquindio.tienda.model.Tienda leerClienteSerializable
SEVERE: writing aborted; java.io.NotSerializableException: co.edu.uniquindio.tienda.model.Cliente
mar 10, 2024 8:13:03 P.M. co.edu.uniquindio.tienda.model.Tienda leerProductoSerializable
SEVERE: src\main\resources\persistencia\productos.ser (El sistema no puede encontrar el archivo especificado)
mar 10, 2024 8:13:03 P.M. co.edu.uniquindio.tienda.model.Tienda leerVentaSerializable
SEVERE: src\main\resources\persistencia\ventas.ser (El sistema no puede encontrar el archivo especificado)
mar 10, 2024 8:13:03 P.M. co.edu.uniquindio.tienda.model.Tienda leerHistoricoeSerializable
SEVERE: src\main\resources\persistencia\historicoVentas.ser (El sistema no puede encontrar el archivo especificado)
mar 10, 2024 8:13:03 P.M. co.edu.uniquindio.tienda.model.Tienda leerInventarioSerializable
SEVERE: src\main\resources\persistencia\inventario.ser (El sistema no puede encontrar el archivo especificado)
mar 10, 2024 8:18:27 P.M. co.edu.uniquindio.tienda.model.Tienda <init>
INFO: Se crea una nueva instanica de Tienda
mar 10, 2024 8:18:27 P.M. co.edu.uniquindio.tienda.model.Tienda leerClienteSerializable
SEVERE: writing aborted; java.io.NotSerializableException: co.edu.uniquindio.tienda.model.Cliente
mar 10, 2024 8:18:27 P.M. co.edu.uniquindio.tienda.model.Tienda leerProductoSerializable
SEVERE: null
mar 10, 2024 8:18:27 P.M. co.edu.uniquindio.tienda.model.Tienda leerVentaSerializable
SEVERE: src\main\resources\persistencia\ventas.ser (El sistema no puede encontrar el archivo especificado)
mar 10, 2024 8:18:27 P.M. co.edu.uniquindio.tienda.model.Tienda leerHistoricoeSerializable
SEVERE: src\main\resources\persistencia\historicoVentas.ser (El sistema no puede encontrar el archivo especificado)
mar 10, 2024 8:18:27 P.M. co.edu.uniquindio.tienda.model.Tienda leerInventarioSerializable
SEVERE: src\main\resources\persistencia\inventario.ser (El sistema no puede encontrar el archivo especificado)
mar 10, 2024 8:26:40 P.M. co.edu.uniquindio.tienda.model.Tienda <init>
INFO: Se crea una nueva instanica de Tienda
mar 10, 2024 8:26:40 P.M. co.edu.uniquindio.tienda.model.Tienda leerClienteSerializable
SEVERE: writing aborted; java.io.NotSerializableException: co.edu.uniquindio.tienda.model.Cliente
mar 10, 2024 8:26:40 P.M. co.edu.uniquindio.tienda.model.Tienda leerProductoSerializable
SEVERE: null
mar 10, 2024 8:26:40 P.M. co.edu.uniquindio.tienda.model.Tienda leerVentaSerializable
SEVERE: src\main\resources\persistencia\ventas.ser (El sistema no puede encontrar el archivo especificado)
mar 10, 2024 8:26:40 P.M. co.edu.uniquindio.tienda.model.Tienda leerHistoricoeSerializable
SEVERE: src\main\resources\persistencia\historicoVentas.ser (El sistema no puede encontrar el archivo especificado)
mar 10, 2024 8:26:40 P.M. co.edu.uniquindio.tienda.model.Tienda leerInventarioSerializable
SEVERE: src\main\resources\persistencia\inventario.ser (El sistema no puede encontrar el archivo especificado)
mar 10, 2024 8:26:53 P.M. co.edu.uniquindio.tienda.model.Tienda escribirProducto
SEVERE: co.edu.uniquindio.tienda.model.Producto
mar 10, 2024 8:26:53 P.M. co.edu.uniquindio.tienda.model.Tienda agregarProductoNuevo
INFO: El producto de codigo 121 se ha sumado a la 
mar 10, 2024 8:30:04 P.M. co.edu.uniquindio.tienda.model.Tienda <init>
INFO: Se crea una nueva instanica de Tienda
mar 10, 2024 8:30:04 P.M. co.edu.uniquindio.tienda.model.Tienda leerClienteSerializable
SEVERE: writing aborted; java.io.NotSerializableException: co.edu.uniquindio.tienda.model.Cliente
mar 10, 2024 8:30:04 P.M. co.edu.uniquindio.tienda.model.Tienda leerProductoSerializable
SEVERE: writing aborted; java.io.NotSerializableException: co.edu.uniquindio.tienda.model.Producto
mar 10, 2024 8:30:04 P.M. co.edu.uniquindio.tienda.model.Tienda leerVentaSerializable
SEVERE: src\main\resources\persistencia\ventas.ser (El sistema no puede encontrar el archivo especificado)
mar 10, 2024 8:30:04 P.M. co.edu.uniquindio.tienda.model.Tienda leerHistoricoeSerializable
SEVERE: src\main\resources\persistencia\historicoVentas.ser (El sistema no puede encontrar el archivo especificado)
mar 10, 2024 8:30:04 P.M. co.edu.uniquindio.tienda.model.Tienda leerInventarioSerializable
SEVERE: src\main\resources\persistencia\inventario.ser (El sistema no puede encontrar el archivo especificado)
mar 10, 2024 8:34:34 P.M. co.edu.uniquindio.tienda.model.Tienda <init>
INFO: Se crea una nueva instanica de Tienda
mar 10, 2024 8:34:34 P.M. co.edu.uniquindio.tienda.model.Tienda leerClienteSerializable
SEVERE: writing aborted; java.io.NotSerializableException: co.edu.uniquindio.tienda.model.Cliente
mar 10, 2024 8:34:34 P.M. co.edu.uniquindio.tienda.model.Tienda leerProductoSerializable
SEVERE: writing aborted; java.io.NotSerializableException: co.edu.uniquindio.tienda.model.Producto
mar 10, 2024 8:34:34 P.M. co.edu.uniquindio.tienda.model.Tienda leerVentaSerializable
SEVERE: src\main\resources\persistencia\ventas.ser (El sistema no puede encontrar el archivo especificado)
mar 10, 2024 8:34:34 P.M. co.edu.uniquindio.tienda.model.Tienda leerHistoricoeSerializable
SEVERE: src\main\resources\persistencia\historicoVentas.ser (El sistema no puede encontrar el archivo especificado)
mar 10, 2024 8:34:34 P.M. co.edu.uniquindio.tienda.model.Tienda leerInventarioSerializable
SEVERE: src\main\resources\persistencia\inventario.ser (El sistema no puede encontrar el archivo especificado)
mar 10, 2024 8:34:48 P.M. co.edu.uniquindio.tienda.model.Tienda escribirProducto
SEVERE: co.edu.uniquindio.tienda.model.Producto
mar 10, 2024 8:34:48 P.M. co.edu.uniquindio.tienda.model.Tienda agregarProductoNuevo
INFO: El producto de codigo 1 se ha sumado a la 
mar 10, 2024 8:34:57 P.M. co.edu.uniquindio.tienda.model.Tienda agregarProductoNuevo
INFO: El producto 1 se ha creado
mar 10, 2024 8:41:06 P.M. co.edu.uniquindio.tienda.model.Tienda <init>
INFO: Se crea una nueva instanica de Tienda
mar 10, 2024 8:41:06 P.M. co.edu.uniquindio.tienda.model.Tienda leerClienteSerializable
SEVERE: writing aborted; java.io.NotSerializableException: co.edu.uniquindio.tienda.model.Cliente
mar 10, 2024 8:41:06 P.M. co.edu.uniquindio.tienda.model.Tienda leerProductoSerializable
SEVERE: writing aborted; java.io.NotSerializableException: co.edu.uniquindio.tienda.model.Producto
mar 10, 2024 8:41:06 P.M. co.edu.uniquindio.tienda.model.Tienda leerVentaSerializable
SEVERE: src\main\resources\persistencia\ventas.ser (El sistema no puede encontrar el archivo especificado)
mar 10, 2024 8:41:06 P.M. co.edu.uniquindio.tienda.model.Tienda leerHistoricoeSerializable
SEVERE: src\main\resources\persistencia\historicoVentas.ser (El sistema no puede encontrar el archivo especificado)
mar 10, 2024 8:41:06 P.M. co.edu.uniquindio.tienda.model.Tienda leerInventarioSerializable
SEVERE: src\main\resources\persistencia\inventario.ser (El sistema no puede encontrar el archivo especificado)
mar 10, 2024 8:44:32 P.M. co.edu.uniquindio.tienda.model.Tienda <init>
INFO: Se crea una nueva instanica de Tienda
mar 10, 2024 8:44:32 P.M. co.edu.uniquindio.tienda.model.Tienda leerClienteSerializable
SEVERE: writing aborted; java.io.NotSerializableException: co.edu.uniquindio.tienda.model.Cliente
mar 10, 2024 8:44:32 P.M. co.edu.uniquindio.tienda.model.Tienda leerProductoSerializable
SEVERE: writing aborted; java.io.NotSerializableException: co.edu.uniquindio.tienda.model.Producto
mar 10, 2024 8:44:32 P.M. co.edu.uniquindio.tienda.model.Tienda leerVentaSerializable
SEVERE: src\main\resources\persistencia\ventas.ser (El sistema no puede encontrar el archivo especificado)
mar 10, 2024 8:44:32 P.M. co.edu.uniquindio.tienda.model.Tienda leerHistoricoeSerializable
SEVERE: src\main\resources\persistencia\historicoVentas.ser (El sistema no puede encontrar el archivo especificado)
mar 10, 2024 8:44:32 P.M. co.edu.uniquindio.tienda.model.Tienda leerInventarioSerializable
SEVERE: src\main\resources\persistencia\inventario.ser (El sistema no puede encontrar el archivo especificado)
mar 10, 2024 8:44:46 P.M. co.edu.uniquindio.tienda.model.Tienda escribirCliente
SEVERE: co.edu.uniquindio.tienda.model.Cliente
mar 10, 2024 8:44:46 P.M. co.edu.uniquindio.tienda.model.Tienda registrarCliente
INFO: El cliente de identificaci贸n 123456789 se ha registrado
mar 10, 2024 8:45:29 P.M. co.edu.uniquindio.tienda.model.Tienda escribirProducto
SEVERE: co.edu.uniquindio.tienda.model.Producto
mar 10, 2024 8:45:29 P.M. co.edu.uniquindio.tienda.model.Tienda agregarProductoNuevo
INFO: El producto de codigo 1234 se ha sumado a la 
mar 10, 2024 9:00:31 P.M. co.edu.uniquindio.tienda.model.Tienda <init>
INFO: Se crea una nueva instanica de Tienda
mar 10, 2024 9:00:31 P.M. co.edu.uniquindio.tienda.model.Tienda leerClienteSerializable
SEVERE: writing aborted; java.io.NotSerializableException: co.edu.uniquindio.tienda.model.Cliente
mar 10, 2024 9:00:31 P.M. co.edu.uniquindio.tienda.model.Tienda leerProductoSerializable
SEVERE: writing aborted; java.io.NotSerializableException: co.edu.uniquindio.tienda.model.Producto
mar 10, 2024 9:00:31 P.M. co.edu.uniquindio.tienda.model.Tienda leerVentaSerializable
SEVERE: src\main\resources\persistencia\ventas.ser (El sistema no puede encontrar el archivo especificado)
mar 10, 2024 9:00:31 P.M. co.edu.uniquindio.tienda.model.Tienda leerHistoricoeSerializable
SEVERE: src\main\resources\persistencia\historicoVentas.ser (El sistema no puede encontrar el archivo especificado)
mar 10, 2024 9:00:31 P.M. co.edu.uniquindio.tienda.model.Tienda leerInventarioSerializable
SEVERE: src\main\resources\persistencia\inventario.ser (El sistema no puede encontrar el archivo especificado)
mar 10, 2024 9:00:53 P.M. co.edu.uniquindio.tienda.model.Tienda escribirProducto
SEVERE: co.edu.uniquindio.tienda.model.Producto
mar 10, 2024 9:00:53 P.M. co.edu.uniquindio.tienda.model.Tienda agregarProductoNuevo
INFO: El producto de codigo 1853 se ha sumado a la 
mar 10, 2024 9:01:22 P.M. co.edu.uniquindio.tienda.model.Tienda escribirCliente
SEVERE: co.edu.uniquindio.tienda.model.Cliente
mar 10, 2024 9:01:22 P.M. co.edu.uniquindio.tienda.model.Tienda registrarCliente
INFO: El cliente de identificaci贸n 123456789 se ha registrado
mar 10, 2024 9:06:41 P.M. co.edu.uniquindio.tienda.model.Tienda <init>
INFO: Se crea una nueva instanica de Tienda
mar 10, 2024 9:06:41 P.M. co.edu.uniquindio.tienda.model.Tienda leerClienteSerializable
SEVERE: writing aborted; java.io.NotSerializableException: co.edu.uniquindio.tienda.model.Cliente
mar 10, 2024 9:06:41 P.M. co.edu.uniquindio.tienda.model.Tienda leerProductoSerializable
SEVERE: writing aborted; java.io.NotSerializableException: co.edu.uniquindio.tienda.model.Producto
mar 10, 2024 9:06:41 P.M. co.edu.uniquindio.tienda.model.Tienda leerVentaSerializable
SEVERE: src\main\resources\persistencia\ventas.ser (El sistema no puede encontrar el archivo especificado)
mar 10, 2024 9:06:41 P.M. co.edu.uniquindio.tienda.model.Tienda leerHistoricoeSerializable
SEVERE: src\main\resources\persistencia\historicoVentas.ser (El sistema no puede encontrar el archivo especificado)
mar 10, 2024 9:06:41 P.M. co.edu.uniquindio.tienda.model.Tienda leerInventarioSerializable
SEVERE: src\main\resources\persistencia\inventario.ser (El sistema no puede encontrar el archivo especificado)
mar 10, 2024 9:07:05 P.M. co.edu.uniquindio.tienda.model.Tienda escribirProducto
SEVERE: co.edu.uniquindio.tienda.model.Producto
mar 10, 2024 9:07:05 P.M. co.edu.uniquindio.tienda.model.Tienda agregarProductoNuevo
INFO: El producto de codigo 123456 se ha sumado a la 
mar 10, 2024 9:07:19 P.M. co.edu.uniquindio.tienda.model.Tienda escribirCliente
SEVERE: co.edu.uniquindio.tienda.model.Cliente
mar 10, 2024 9:07:19 P.M. co.edu.uniquindio.tienda.model.Tienda registrarCliente
INFO: El cliente de identificaci贸n 123456789 se ha registrado
mar 10, 2024 9:12:08 P.M. co.edu.uniquindio.tienda.model.Tienda <init>
INFO: Se crea una nueva instanica de Tienda
mar 10, 2024 9:12:08 P.M. co.edu.uniquindio.tienda.model.Tienda leerClienteSerializable
SEVERE: writing aborted; java.io.NotSerializableException: co.edu.uniquindio.tienda.model.Cliente
mar 10, 2024 9:12:08 P.M. co.edu.uniquindio.tienda.model.Tienda leerProductoSerializable
SEVERE: writing aborted; java.io.NotSerializableException: co.edu.uniquindio.tienda.model.Producto
mar 10, 2024 9:12:08 P.M. co.edu.uniquindio.tienda.model.Tienda leerVentaSerializable
SEVERE: src\main\resources\persistencia\ventas.ser (El sistema no puede encontrar el archivo especificado)
mar 10, 2024 9:12:08 P.M. co.edu.uniquindio.tienda.model.Tienda leerHistoricoeSerializable
SEVERE: src\main\resources\persistencia\historicoVentas.ser (El sistema no puede encontrar el archivo especificado)
mar 10, 2024 9:12:08 P.M. co.edu.uniquindio.tienda.model.Tienda leerInventarioSerializable
SEVERE: src\main\resources\persistencia\inventario.ser (El sistema no puede encontrar el archivo especificado)
mar 10, 2024 9:12:25 P.M. co.edu.uniquindio.tienda.model.Tienda escribirCliente
SEVERE: co.edu.uniquindio.tienda.model.Cliente
mar 10, 2024 9:12:25 P.M. co.edu.uniquindio.tienda.model.Tienda registrarCliente
INFO: El cliente de identificaci贸n 123 se ha registrado
mar 10, 2024 9:12:54 P.M. co.edu.uniquindio.tienda.model.Tienda escribirProducto
SEVERE: co.edu.uniquindio.tienda.model.Producto
mar 10, 2024 9:12:54 P.M. co.edu.uniquindio.tienda.model.Tienda agregarProductoNuevo
INFO: El producto de codigo 1532 se ha sumado a la 
mar 10, 2024 9:19:33 P.M. co.edu.uniquindio.tienda.model.Tienda <init>
INFO: Se crea una nueva instanica de Tienda
mar 10, 2024 9:19:33 P.M. co.edu.uniquindio.tienda.model.Tienda leerClienteSerializable
SEVERE: writing aborted; java.io.NotSerializableException: co.edu.uniquindio.tienda.model.Cliente
mar 10, 2024 9:19:33 P.M. co.edu.uniquindio.tienda.model.Tienda leerProductoSerializable
SEVERE: writing aborted; java.io.NotSerializableException: co.edu.uniquindio.tienda.model.Producto
mar 10, 2024 9:19:33 P.M. co.edu.uniquindio.tienda.model.Tienda leerVentaSerializable
SEVERE: src\main\resources\persistencia\ventas.ser (El sistema no puede encontrar el archivo especificado)
mar 10, 2024 9:19:33 P.M. co.edu.uniquindio.tienda.model.Tienda leerHistoricoeSerializable
SEVERE: src\main\resources\persistencia\historicoVentas.ser (El sistema no puede encontrar el archivo especificado)
mar 10, 2024 9:19:33 P.M. co.edu.uniquindio.tienda.model.Tienda leerInventarioSerializable
SEVERE: src\main\resources\persistencia\inventario.ser (El sistema no puede encontrar el archivo especificado)
mar 10, 2024 9:19:42 P.M. co.edu.uniquindio.tienda.model.Tienda escribirCliente
SEVERE: co.edu.uniquindio.tienda.model.Cliente
mar 10, 2024 9:19:42 P.M. co.edu.uniquindio.tienda.model.Tienda registrarCliente
INFO: El cliente de identificaci贸n 12 se ha registrado
mar 10, 2024 9:20:05 P.M. co.edu.uniquindio.tienda.model.Tienda escribirProducto
SEVERE: co.edu.uniquindio.tienda.model.Producto
mar 10, 2024 9:20:05 P.M. co.edu.uniquindio.tienda.model.Tienda agregarProductoNuevo
INFO: El producto de codigo 12 se ha sumado a la 
mar 10, 2024 9:25:31 P.M. co.edu.uniquindio.tienda.model.Tienda <init>
INFO: Se crea una nueva instanica de Tienda
mar 10, 2024 9:25:31 P.M. co.edu.uniquindio.tienda.model.Tienda leerClienteSerializable
SEVERE: writing aborted; java.io.NotSerializableException: co.edu.uniquindio.tienda.model.Cliente
mar 10, 2024 9:25:31 P.M. co.edu.uniquindio.tienda.model.Tienda leerProductoSerializable
SEVERE: writing aborted; java.io.NotSerializableException: co.edu.uniquindio.tienda.model.Producto
mar 10, 2024 9:25:31 P.M. co.edu.uniquindio.tienda.model.Tienda leerVentaSerializable
SEVERE: src\main\resources\persistencia\ventas.ser (El sistema no puede encontrar el archivo especificado)
mar 10, 2024 9:25:31 P.M. co.edu.uniquindio.tienda.model.Tienda leerHistoricoeSerializable
SEVERE: src\main\resources\persistencia\historicoVentas.ser (El sistema no puede encontrar el archivo especificado)
mar 10, 2024 9:25:31 P.M. co.edu.uniquindio.tienda.model.Tienda leerInventarioSerializable
SEVERE: src\main\resources\persistencia\inventario.ser (El sistema no puede encontrar el archivo especificado)
mar 10, 2024 9:25:44 P.M. co.edu.uniquindio.tienda.model.Tienda escribirProducto
SEVERE: co.edu.uniquindio.tienda.model.Producto
mar 10, 2024 9:25:44 P.M. co.edu.uniquindio.tienda.model.Tienda agregarProductoNuevo
INFO: El producto de codigo 12 se ha sumado a la 
mar 10, 2024 9:26:07 P.M. co.edu.uniquindio.tienda.model.Tienda escribirProducto
SEVERE: co.edu.uniquindio.tienda.model.Producto
mar 10, 2024 9:26:07 P.M. co.edu.uniquindio.tienda.model.Tienda agregarProductoNuevo
INFO: El producto de codigo 123 se ha sumado a la 
mar 10, 2024 9:26:26 P.M. co.edu.uniquindio.tienda.model.Tienda escribirCliente
SEVERE: co.edu.uniquindio.tienda.model.Cliente
mar 10, 2024 9:26:26 P.M. co.edu.uniquindio.tienda.model.Tienda registrarCliente
INFO: El cliente de identificaci贸n 12 se ha registrado
mar 10, 2024 9:28:30 P.M. co.edu.uniquindio.tienda.model.Tienda <init>
INFO: Se crea una nueva instanica de Tienda
mar 10, 2024 9:28:30 P.M. co.edu.uniquindio.tienda.model.Tienda leerClienteSerializable
SEVERE: writing aborted; java.io.NotSerializableException: co.edu.uniquindio.tienda.model.Cliente
mar 10, 2024 9:28:30 P.M. co.edu.uniquindio.tienda.model.Tienda leerProductoSerializable
SEVERE: writing aborted; java.io.NotSerializableException: co.edu.uniquindio.tienda.model.Producto
mar 10, 2024 9:28:30 P.M. co.edu.uniquindio.tienda.model.Tienda leerVentaSerializable
SEVERE: src\main\resources\persistencia\ventas.ser (El sistema no puede encontrar el archivo especificado)
mar 10, 2024 9:28:30 P.M. co.edu.uniquindio.tienda.model.Tienda leerHistoricoeSerializable
SEVERE: src\main\resources\persistencia\historicoVentas.ser (El sistema no puede encontrar el archivo especificado)
mar 10, 2024 9:28:30 P.M. co.edu.uniquindio.tienda.model.Tienda leerInventarioSerializable
SEVERE: src\main\resources\persistencia\inventario.ser (El sistema no puede encontrar el archivo especificado)
mar 10, 2024 9:28:43 P.M. co.edu.uniquindio.tienda.model.Tienda escribirProducto
SEVERE: co.edu.uniquindio.tienda.model.Producto
mar 10, 2024 9:28:43 P.M. co.edu.uniquindio.tienda.model.Tienda agregarProductoNuevo
INFO: El producto de codigo 12 se ha sumado a la 
mar 10, 2024 9:28:57 P.M. co.edu.uniquindio.tienda.model.Tienda escribirCliente
SEVERE: co.edu.uniquindio.tienda.model.Cliente
mar 10, 2024 9:28:57 P.M. co.edu.uniquindio.tienda.model.Tienda registrarCliente
INFO: El cliente de identificaci贸n 12 se ha registrado
mar 10, 2024 9:29:21 P.M. co.edu.uniquindio.tienda.model.Tienda escribirCliente
SEVERE: co.edu.uniquindio.tienda.model.Cliente
mar 10, 2024 9:29:21 P.M. co.edu.uniquindio.tienda.model.Tienda registrarCliente
INFO: El cliente de identificaci贸n 123 se ha registrado
mar 10, 2024 9:30:39 P.M. co.edu.uniquindio.tienda.model.Tienda <init>
INFO: Se crea una nueva instanica de Tienda
mar 10, 2024 9:30:39 P.M. co.edu.uniquindio.tienda.model.Tienda leerClienteSerializable
SEVERE: writing aborted; java.io.NotSerializableException: co.edu.uniquindio.tienda.model.Cliente
mar 10, 2024 9:30:39 P.M. co.edu.uniquindio.tienda.model.Tienda leerProductoSerializable
SEVERE: writing aborted; java.io.NotSerializableException: co.edu.uniquindio.tienda.model.Producto
mar 10, 2024 9:30:39 P.M. co.edu.uniquindio.tienda.model.Tienda leerVentaSerializable
SEVERE: src\main\resources\persistencia\ventas.ser (El sistema no puede encontrar el archivo especificado)
mar 10, 2024 9:30:39 P.M. co.edu.uniquindio.tienda.model.Tienda leerHistoricoeSerializable
SEVERE: src\main\resources\persistencia\historicoVentas.ser (El sistema no puede encontrar el archivo especificado)
mar 10, 2024 9:30:39 P.M. co.edu.uniquindio.tienda.model.Tienda leerInventarioSerializable
SEVERE: src\main\resources\persistencia\inventario.ser (El sistema no puede encontrar el archivo especificado)
mar 10, 2024 9:30:50 P.M. co.edu.uniquindio.tienda.model.Tienda escribirCliente
SEVERE: co.edu.uniquindio.tienda.model.Cliente
mar 10, 2024 9:30:50 P.M. co.edu.uniquindio.tienda.model.Tienda registrarCliente
INFO: El cliente de identificaci贸n 12 se ha registrado
mar 10, 2024 9:31:48 P.M. co.edu.uniquindio.tienda.model.Tienda <init>
INFO: Se crea una nueva instanica de Tienda
mar 10, 2024 9:31:48 P.M. co.edu.uniquindio.tienda.model.Tienda leerClienteSerializable
SEVERE: writing aborted; java.io.NotSerializableException: co.edu.uniquindio.tienda.model.Cliente
mar 10, 2024 9:31:48 P.M. co.edu.uniquindio.tienda.model.Tienda leerProductoSerializable
SEVERE: writing aborted; java.io.NotSerializableException: co.edu.uniquindio.tienda.model.Producto
mar 10, 2024 9:31:48 P.M. co.edu.uniquindio.tienda.model.Tienda leerVentaSerializable
SEVERE: src\main\resources\persistencia\ventas.ser (El sistema no puede encontrar el archivo especificado)
mar 10, 2024 9:31:48 P.M. co.edu.uniquindio.tienda.model.Tienda leerHistoricoeSerializable
SEVERE: src\main\resources\persistencia\historicoVentas.ser (El sistema no puede encontrar el archivo especificado)
mar 10, 2024 9:31:48 P.M. co.edu.uniquindio.tienda.model.Tienda leerInventarioSerializable
SEVERE: src\main\resources\persistencia\inventario.ser (El sistema no puede encontrar el archivo especificado)
mar 10, 2024 9:31:59 P.M. co.edu.uniquindio.tienda.model.Tienda escribirCliente
SEVERE: co.edu.uniquindio.tienda.model.Cliente
mar 10, 2024 9:31:59 P.M. co.edu.uniquindio.tienda.model.Tienda registrarCliente
INFO: El cliente de identificaci贸n 12 se ha registrado
mar 10, 2024 9:32:17 P.M. co.edu.uniquindio.tienda.model.Tienda escribirProducto
SEVERE: co.edu.uniquindio.tienda.model.Producto
mar 10, 2024 9:32:17 P.M. co.edu.uniquindio.tienda.model.Tienda agregarProductoNuevo
INFO: El producto de codigo 1 se ha sumado a la 
mar 10, 2024 9:35:32 P.M. co.edu.uniquindio.tienda.model.Tienda <init>
INFO: Se crea una nueva instanica de Tienda
mar 10, 2024 9:35:32 P.M. co.edu.uniquindio.tienda.model.Tienda leerClienteSerializable
SEVERE: writing aborted; java.io.NotSerializableException: co.edu.uniquindio.tienda.model.Cliente
mar 10, 2024 9:35:32 P.M. co.edu.uniquindio.tienda.model.Tienda leerProductoSerializable
SEVERE: writing aborted; java.io.NotSerializableException: co.edu.uniquindio.tienda.model.Producto
mar 10, 2024 9:35:32 P.M. co.edu.uniquindio.tienda.model.Tienda leerVentaSerializable
SEVERE: src\main\resources\persistencia\ventas.ser (El sistema no puede encontrar el archivo especificado)
mar 10, 2024 9:35:32 P.M. co.edu.uniquindio.tienda.model.Tienda leerHistoricoeSerializable
SEVERE: src\main\resources\persistencia\historicoVentas.ser (El sistema no puede encontrar el archivo especificado)
mar 10, 2024 9:35:32 P.M. co.edu.uniquindio.tienda.model.Tienda leerInventarioSerializable
SEVERE: src\main\resources\persistencia\inventario.ser (El sistema no puede encontrar el archivo especificado)
mar 10, 2024 9:35:46 P.M. co.edu.uniquindio.tienda.model.Tienda escribirProducto
SEVERE: co.edu.uniquindio.tienda.model.Producto
mar 10, 2024 9:35:46 P.M. co.edu.uniquindio.tienda.model.Tienda agregarProductoNuevo
INFO: El producto de codigo 1 se ha sumado a la 
mar 10, 2024 9:35:57 P.M. co.edu.uniquindio.tienda.model.Tienda escribirCliente
SEVERE: co.edu.uniquindio.tienda.model.Cliente
mar 10, 2024 9:35:57 P.M. co.edu.uniquindio.tienda.model.Tienda registrarCliente
INFO: El cliente de identificaci贸n 1 se ha registrado
mar 10, 2024 9:42:40 P.M. co.edu.uniquindio.tienda.model.Tienda <init>
INFO: Se crea una nueva instanica de Tienda
mar 10, 2024 9:42:41 P.M. co.edu.uniquindio.tienda.model.Tienda leerClienteSerializable
SEVERE: writing aborted; java.io.NotSerializableException: co.edu.uniquindio.tienda.model.Cliente
mar 10, 2024 9:42:41 P.M. co.edu.uniquindio.tienda.model.Tienda leerProductoSerializable
SEVERE: writing aborted; java.io.NotSerializableException: co.edu.uniquindio.tienda.model.Producto
mar 10, 2024 9:42:41 P.M. co.edu.uniquindio.tienda.model.Tienda leerVentaSerializable
SEVERE: src\main\resources\persistencia\ventas.ser (El sistema no puede encontrar el archivo especificado)
mar 10, 2024 9:42:41 P.M. co.edu.uniquindio.tienda.model.Tienda leerHistoricoeSerializable
SEVERE: src\main\resources\persistencia\historicoVentas.ser (El sistema no puede encontrar el archivo especificado)
mar 10, 2024 9:42:41 P.M. co.edu.uniquindio.tienda.model.Tienda leerInventarioSerializable
SEVERE: src\main\resources\persistencia\inventario.ser (El sistema no puede encontrar el archivo especificado)
mar 10, 2024 9:42:53 P.M. co.edu.uniquindio.tienda.model.Tienda escribirProducto
SEVERE: co.edu.uniquindio.tienda.model.Producto
mar 10, 2024 9:42:53 P.M. co.edu.uniquindio.tienda.model.Tienda agregarProductoNuevo
INFO: El producto de codigo 1 se ha sumado a la 
mar 10, 2024 9:47:18 P.M. co.edu.uniquindio.tienda.model.Tienda <init>
INFO: Se crea una nueva instanica de Tienda
mar 10, 2024 9:47:18 P.M. co.edu.uniquindio.tienda.model.Tienda leerClienteSerializable
SEVERE: writing aborted; java.io.NotSerializableException: co.edu.uniquindio.tienda.model.Cliente
mar 10, 2024 9:47:18 P.M. co.edu.uniquindio.tienda.model.Tienda leerProductoSerializable
SEVERE: writing aborted; java.io.NotSerializableException: co.edu.uniquindio.tienda.model.Producto
mar 10, 2024 9:47:18 P.M. co.edu.uniquindio.tienda.model.Tienda leerVentaSerializable
SEVERE: src\main\resources\persistencia\ventas.ser (El sistema no puede encontrar el archivo especificado)
mar 10, 2024 9:47:18 P.M. co.edu.uniquindio.tienda.model.Tienda leerHistoricoeSerializable
SEVERE: src\main\resources\persistencia\historicoVentas.ser (El sistema no puede encontrar el archivo especificado)
mar 10, 2024 9:47:18 P.M. co.edu.uniquindio.tienda.model.Tienda leerInventarioSerializable
SEVERE: src\main\resources\persistencia\inventario.ser (El sistema no puede encontrar el archivo especificado)
mar 10, 2024 9:47:29 P.M. co.edu.uniquindio.tienda.model.Tienda escribirProducto
SEVERE: co.edu.uniquindio.tienda.model.Producto
mar 10, 2024 9:47:29 P.M. co.edu.uniquindio.tienda.model.Tienda agregarProductoNuevo
INFO: El producto de codigo 1 se ha sumado a la 
mar 10, 2024 9:47:29 P.M. co.edu.uniquindio.tienda.model.Tienda agregarProductoNuevo
INFO: La lista esClave: 1 Valor: Producto(codigo=1, nombre=a1, precio=1.0, cantidad=1)
mar 10, 2024 9:47:49 P.M. co.edu.uniquindio.tienda.model.Tienda escribirProducto
SEVERE: co.edu.uniquindio.tienda.model.Producto
mar 10, 2024 9:47:49 P.M. co.edu.uniquindio.tienda.model.Tienda agregarProductoNuevo
INFO: El producto de codigo 12 se ha sumado a la 
mar 10, 2024 9:47:49 P.M. co.edu.uniquindio.tienda.model.Tienda agregarProductoNuevo
INFO: La lista esClave: 1 Valor: Producto(codigo=1, nombre=a1, precio=1.0, cantidad=1)Clave: 12 Valor: Producto(codigo=12, nombre=a1, precio=1.0, cantidad=1)
mar 10, 2024 9:50:35 P.M. co.edu.uniquindio.tienda.model.Tienda <init>
INFO: Se crea una nueva instanica de Tienda
mar 10, 2024 9:50:35 P.M. co.edu.uniquindio.tienda.model.Tienda leerClienteSerializable
SEVERE: writing aborted; java.io.NotSerializableException: co.edu.uniquindio.tienda.model.Cliente
mar 10, 2024 9:50:35 P.M. co.edu.uniquindio.tienda.model.Tienda leerProductoSerializable
SEVERE: writing aborted; java.io.NotSerializableException: co.edu.uniquindio.tienda.model.Producto
mar 10, 2024 9:50:35 P.M. co.edu.uniquindio.tienda.model.Tienda leerVentaSerializable
SEVERE: src\main\resources\persistencia\ventas.ser (El sistema no puede encontrar el archivo especificado)
mar 10, 2024 9:50:35 P.M. co.edu.uniquindio.tienda.model.Tienda leerHistoricoeSerializable
SEVERE: src\main\resources\persistencia\historicoVentas.ser (El sistema no puede encontrar el archivo especificado)
mar 10, 2024 9:50:35 P.M. co.edu.uniquindio.tienda.model.Tienda leerInventarioSerializable
SEVERE: src\main\resources\persistencia\inventario.ser (El sistema no puede encontrar el archivo especificado)
mar 10, 2024 9:50:45 P.M. co.edu.uniquindio.tienda.model.Tienda escribirProducto
SEVERE: co.edu.uniquindio.tienda.model.Producto
mar 10, 2024 9:50:45 P.M. co.edu.uniquindio.tienda.model.Tienda agregarProductoNuevo
INFO: El producto de codigo 1 se ha sumado a la 
mar 10, 2024 9:50:45 P.M. co.edu.uniquindio.tienda.model.Tienda agregarProductoNuevo
INFO: La lista esClave: 1 Valor: Producto(codigo=1, nombre=a, precio=12.0, cantidad=11)
mar 10, 2024 9:50:58 P.M. co.edu.uniquindio.tienda.model.Tienda escribirCliente
SEVERE: co.edu.uniquindio.tienda.model.Cliente
mar 10, 2024 9:50:58 P.M. co.edu.uniquindio.tienda.model.Tienda registrarCliente
INFO: El cliente de identificaci贸n 12 se ha registrado
mar 10, 2024 9:53:21 P.M. co.edu.uniquindio.tienda.model.Tienda escribirCliente
SEVERE: co.edu.uniquindio.tienda.model.Cliente
mar 10, 2024 9:53:21 P.M. co.edu.uniquindio.tienda.model.Tienda registrarCliente
INFO: El cliente de identificaci贸n 1 se ha registrado
mar 10, 2024 9:53:42 P.M. co.edu.uniquindio.tienda.model.Tienda <init>
INFO: Se crea una nueva instanica de Tienda
mar 10, 2024 9:53:42 P.M. co.edu.uniquindio.tienda.model.Tienda leerClienteSerializable
SEVERE: writing aborted; java.io.NotSerializableException: co.edu.uniquindio.tienda.model.Cliente
mar 10, 2024 9:53:42 P.M. co.edu.uniquindio.tienda.model.Tienda leerProductoSerializable
SEVERE: writing aborted; java.io.NotSerializableException: co.edu.uniquindio.tienda.model.Producto
mar 10, 2024 9:53:42 P.M. co.edu.uniquindio.tienda.model.Tienda leerVentaSerializable
SEVERE: src\main\resources\persistencia\ventas.ser (El sistema no puede encontrar el archivo especificado)
mar 10, 2024 9:53:42 P.M. co.edu.uniquindio.tienda.model.Tienda leerHistoricoeSerializable
SEVERE: src\main\resources\persistencia\historicoVentas.ser (El sistema no puede encontrar el archivo especificado)
mar 10, 2024 9:53:42 P.M. co.edu.uniquindio.tienda.model.Tienda leerInventarioSerializable
SEVERE: src\main\resources\persistencia\inventario.ser (El sistema no puede encontrar el archivo especificado)
mar 10, 2024 9:53:51 P.M. co.edu.uniquindio.tienda.model.Tienda escribirProducto
SEVERE: co.edu.uniquindio.tienda.model.Producto
mar 10, 2024 9:53:51 P.M. co.edu.uniquindio.tienda.model.Tienda agregarProductoNuevo
INFO: El producto de codigo 1 se ha sumado a la 
mar 10, 2024 9:53:51 P.M. co.edu.uniquindio.tienda.model.Tienda agregarProductoNuevo
INFO: La lista esClave: 1 Valor: Producto(codigo=1, nombre=a, precio=12.0, cantidad=1)
mar 10, 2024 9:54:01 P.M. co.edu.uniquindio.tienda.model.Tienda escribirCliente
SEVERE: co.edu.uniquindio.tienda.model.Cliente
mar 10, 2024 9:54:01 P.M. co.edu.uniquindio.tienda.model.Tienda registrarCliente
INFO: El cliente de identificaci贸n 1 se ha registrado
